<?xml version="1.0" encoding="UTF-8"?>
<testng-results skipped="0" failed="0" ignored="0" total="1" passed="1">
  <reporter-output>
  </reporter-output>
  <suite name="Suite" duration-ms="46440" started-at="2018-01-19T13:24:05Z" finished-at="2018-01-19T13:24:52Z">
    <groups>
    </groups>
    <test name="Test" duration-ms="46440" started-at="2018-01-19T13:24:05Z" finished-at="2018-01-19T13:24:52Z">
      <class name="AutomationTesting.LoginTest">
        <test-method status="PASS" signature="LaunchBrowser()[pri:0, instance:AutomationTesting.LoginTest@46d56d67]" name="LaunchBrowser" is-config="true" duration-ms="44748" started-at="2018-01-19T18:54:05Z" finished-at="2018-01-19T18:54:50Z">
          <reporter-output>
          </reporter-output>
        </test-method> <!-- LaunchBrowser -->
        <test-method status="PASS" signature="Login()[pri:0, instance:AutomationTesting.LoginTest@46d56d67]" name="Login" duration-ms="1655" started-at="2018-01-19T18:54:50Z" description="Login" finished-at="2018-01-19T18:54:52Z">
          <reporter-output>
          </reporter-output>
        </test-method> <!-- Login -->
      </class> <!-- AutomationTesting.LoginTest -->
    </test> <!-- Test -->
  </suite> <!-- Suite -->
</testng-results>
